2019-06-11 16:00:06 INFO  MainClass:18 - Подготовка началась
2019-06-11 16:00:07 INFO  Stage:11 - Участник Участник #2 начал прохождение Дорога 60 метров
2019-06-11 16:00:07 INFO  MainClass:37 - Гонка началась
2019-06-11 16:00:07 INFO  Stage:11 - Участник Участник #3 начал прохождение Дорога 60 метров
2019-06-11 16:00:07 INFO  Stage:11 - Участник Участник #4 начал прохождение Дорога 60 метров
2019-06-11 16:00:07 INFO  Stage:11 - Участник Участник #1 начал прохождение Дорога 60 метров
2019-06-11 16:00:09 INFO  Stage:16 - Участник Участник #2 закончил прохождение Дорога 60 метров
2019-06-11 16:00:09 INFO  Stage:17 - Участник Участник #2 начал прохождение Тоннель 80 метров
2019-06-11 16:00:09 INFO  Stage:16 - Участник Участник #4 закончил прохождение Дорога 60 метров
2019-06-11 16:00:09 INFO  Stage:17 - Участник Участник #4 начал прохождение Тоннель 80 метров
2019-06-11 16:00:09 INFO  Stage:16 - Участник Участник #1 закончил прохождение Дорога 60 метров
2019-06-11 16:00:09 INFO  Stage:17 - Участник Участник #1 начал прохождение Тоннель 80 метров
2019-06-11 16:00:10 INFO  Stage:16 - Участник Участник #3 закончил прохождение Дорога 60 метров
2019-06-11 16:00:10 INFO  Stage:17 - Участник Участник #3 начал прохождение Тоннель 80 метров
2019-06-11 16:00:12 INFO  Stage:29 - Участник Участник #2 закончил прохождение Тоннель 80 метров
2019-06-11 16:00:12 INFO  Stage:11 - Участник Участник #2 начал прохождение Дорога 40 метров
2019-06-11 16:00:12 INFO  Stage:29 - Участник Участник #4 закончил прохождение Тоннель 80 метров
2019-06-11 16:00:12 INFO  Stage:11 - Участник Участник #4 начал прохождение Дорога 40 метров
2019-06-11 16:00:13 INFO  Stage:16 - Участник Участник #2 закончил прохождение Дорога 40 метров
2019-06-11 16:00:13 INFO  Stage:16 - Участник Участник #4 закончил прохождение Дорога 40 метров
2019-06-11 16:00:15 INFO  Stage:29 - Участник Участник #1 закончил прохождение Тоннель 80 метров
2019-06-11 16:00:15 INFO  Stage:11 - Участник Участник #1 начал прохождение Дорога 40 метров
2019-06-11 16:00:16 INFO  Stage:16 - Участник Участник #1 закончил прохождение Дорога 40 метров
2019-06-11 16:00:16 INFO  Stage:29 - Участник Участник #3 закончил прохождение Тоннель 80 метров
2019-06-11 16:00:16 INFO  Stage:11 - Участник Участник #3 начал прохождение Дорога 40 метров
2019-06-11 16:00:18 INFO  Stage:16 - Участник Участник #3 закончил прохождение Дорога 40 метров
2019-06-11 16:00:18 INFO  MainClass:40 - Гонка закончена
2019-06-11 16:05:42 INFO  MainClass:18 - Подготовка началась
2019-06-11 16:05:43 INFO  MainClass:37 - Гонка началась
2019-06-11 16:05:43 INFO  Stage:11 - Участник Участник #2 начал прохождение Дорога 60 метров
2019-06-11 16:05:43 INFO  Stage:11 - Участник Участник #4 начал прохождение Дорога 60 метров
2019-06-11 16:05:43 INFO  Stage:11 - Участник Участник #3 начал прохождение Дорога 60 метров
2019-06-11 16:05:43 INFO  Stage:11 - Участник Участник #1 начал прохождение Дорога 60 метров
2019-06-11 16:05:45 INFO  Stage:16 - Участник Участник #4 закончил прохождение Дорога 60 метров
2019-06-11 16:05:45 INFO  Stage:17 - Участник Участник #4 начал прохождение Тоннель 80 метров
2019-06-11 16:05:45 INFO  Stage:16 - Участник Участник #3 закончил прохождение Дорога 60 метров
2019-06-11 16:05:45 INFO  Stage:17 - Участник Участник #3 начал прохождение Тоннель 80 метров
2019-06-11 16:05:45 INFO  Stage:16 - Участник Участник #1 закончил прохождение Дорога 60 метров
2019-06-11 16:05:45 INFO  Stage:17 - Участник Участник #1 начал прохождение Тоннель 80 метров
2019-06-11 16:05:46 INFO  Stage:16 - Участник Участник #2 закончил прохождение Дорога 60 метров
2019-06-11 16:05:46 INFO  Stage:17 - Участник Участник #2 начал прохождение Тоннель 80 метров
2019-06-11 16:05:47 INFO  Stage:29 - Участник Участник #3 закончил прохождение Тоннель 80 метров
2019-06-11 16:05:47 INFO  Stage:11 - Участник Участник #3 начал прохождение Дорога 40 метров
2019-06-11 16:05:48 INFO  Stage:29 - Участник Участник #4 закончил прохождение Тоннель 80 метров
2019-06-11 16:05:48 INFO  Stage:11 - Участник Участник #4 начал прохождение Дорога 40 метров
2019-06-11 16:05:48 INFO  Stage:16 - Участник Участник #3 закончил прохождение Дорога 40 метров
2019-06-11 16:05:49 INFO  Stage:16 - Участник Участник #4 закончил прохождение Дорога 40 метров
2019-06-11 16:05:50 INFO  Stage:29 - Участник Участник #1 закончил прохождение Тоннель 80 метров
2019-06-11 16:05:50 INFO  Stage:11 - Участник Участник #1 начал прохождение Дорога 40 метров
2019-06-11 16:05:51 INFO  Stage:16 - Участник Участник #1 закончил прохождение Дорога 40 метров
2019-06-11 16:05:52 INFO  Stage:29 - Участник Участник #2 закончил прохождение Тоннель 80 метров
2019-06-11 16:05:52 INFO  Stage:11 - Участник Участник #2 начал прохождение Дорога 40 метров
2019-06-11 16:05:54 INFO  Stage:16 - Участник Участник #2 закончил прохождение Дорога 40 метров
2019-06-11 16:05:54 INFO  MainClass:40 - Гонка закончена
